<?xml version="1.0" encoding="UTF-8"?>
<testng-results ignored="0" total="1" passed="1" failed="0" skipped="0">
  <reporter-output>
  </reporter-output>
  <suite started-at="2021-06-10T15:57:37 IST" name="Default suite" finished-at="2021-06-10T15:57:50 IST" duration-ms="13442">
    <groups>
    </groups>
    <test started-at="2021-06-10T15:57:37 IST" name="Default test" finished-at="2021-06-10T15:57:50 IST" duration-ms="13442">
      <class name="pageobject.PageObject">
        <test-method signature="verifyHomepageTitle()[pri:0, instance:pageobject.PageObject@163e4e87]" started-at="2021-06-10T15:57:37 IST" name="verifyHomepageTitle" finished-at="2021-06-10T15:57:50 IST" duration-ms="13359" status="PASS">
          <reporter-output>
          </reporter-output>
        </test-method> <!-- verifyHomepageTitle -->
      </class> <!-- pageobject.PageObject -->
    </test> <!-- Default test -->
  </suite> <!-- Default suite -->
</testng-results>
